Arguments: 
  C:\Program Files\nodejs\node.exe C:\Users\samue\AppData\Roaming\npm\node_modules\yarn\bin\yarn.js add @next/analytics

PATH: 
  C:\Users\samue\AppData\Local\nvim-data\mason\bin;C:\Python311\Scripts\;C:\Python311\;C:\Program Files (x86)\Common Files\Oracle\Java\javapath;C:\WINDOWS\system32;C:\WINDOWS;C:\WINDOWS\System32\Wbem;C:\WINDOWS\System32\WindowsPowerShell\v1.0\;C:\WINDOWS\System32\OpenSSH\;C:\Program Files\Git\cmd;C:\Program Files\Inkscape\bin;C:\Program Files\dotnet\;C:\Strawberry\c\bin;C:\Strawberry\perl\site\bin;C:\Strawberry\perl\bin;C:\Program Files\Docker\Docker\resources\bin;C:\ProgramData\DockerDesktop\version-bin;C:\Program Files\PuTTY\;C:\Program Files\Microsoft SQL Server\150\Tools\Binn\;C:\Program Files\Microsoft SQL Server\Client SDK\ODBC\170\Tools\Binn\;C:\Program Files\Go\bin;C:\ProgramData\chocolatey\bin;;C:\WINDOWS\system32;C:\WINDOWS;C:\WINDOWS\System32\Wbem;C:\WINDOWS\System32\WindowsPowerShell\v1.0\;C:\WINDOWS\System32\OpenSSH\;C:\Program Files\Neovim\bin;C:\Program Files\nodejs\;C:\Users\samue\AppData\Local\Programs\Python\Python39\Scripts\;C:\Users\samue\AppData\Local\Programs\Python\Python39\;C:\Users\samue\AppData\Local\Microsoft\WindowsApps;C:\Users\samue\AppData\Local\Programs\Microsoft VS Code\bin;C:\Users\samue\AppData\Local\Markdown Monster;C:\Users\samue\AppData\Local\inkdrop\bin;C:\Users\samue\AppData\Local\Programs\MiKTeX\miktex\bin\x64\;C:\Users\samue\flutter\bin;C:\Users\samue\AppData\Local\Pub\Cache\bin;C:\Users\samue\go\bin;C:\google-cloud-sdk\bin;C:\Users\samue\AppData\Local\Google\Cloud SDK\google-cloud-sdk\bin;C:\Users\samue\AppData\Local\Microsoft\WindowsApps;C:\mysys64\mingw64;C:\Users\samue\.dotnet\tools;C:\Users\samue\AppData\Roaming\npm;C:\Program Files\Neovim\bin

Yarn version: 
  1.22.17

Node version: 
  20.4.0

Platform: 
  win32 x64

Trace: 
  Error: https://registry.yarnpkg.com/@next%2fanalytics: Not found
      at params.callback [as _callback] (C:\Users\samue\AppData\Roaming\npm\node_modules\yarn\lib\cli.js:67029:18)
      at self.callback (C:\Users\samue\AppData\Roaming\npm\node_modules\yarn\lib\cli.js:140883:22)
      at Request.emit (node:events:512:28)
      at Request.<anonymous> (C:\Users\samue\AppData\Roaming\npm\node_modules\yarn\lib\cli.js:141855:10)
      at Request.emit (node:events:512:28)
      at IncomingMessage.<anonymous> (C:\Users\samue\AppData\Roaming\npm\node_modules\yarn\lib\cli.js:141777:12)
      at Object.onceWrapper (node:events:626:28)
      at IncomingMessage.emit (node:events:524:35)
      at endReadableNT (node:internal/streams/readable:1378:12)
      at process.processTicksAndRejections (node:internal/process/task_queues:82:21)

npm manifest: 
  {
    "version": "14.0.0",
    "dependencies": {
      "@mui/material": "^5.11.5",
      "@mui/system": "^5.11.5",
      "aos": "^2.3.4",
      "bootstrap": "^5.2.3",
      "dotenv": "^16.0.3",
      "firebase": "^9.15.0",
      "html-react-parser": "^3.0.8",
      "i18next": "^22.4.11",
      "i18next-browser-languagedetector": "^7.0.1",
      "next": "^13.1.2",
      "rc-collapse": "^3.5.1",
      "react": "^18.2.0",
      "react-bootstrap": "^2.7.0",
      "react-countdown": "^2.3.5",
      "react-countup": "^6.4.0",
      "react-dom": "^18.2.0",
      "react-i18next": "^12.2.0",
      "react-id-swiper": "^4.0.0",
      "react-scrollspy": "^3.4.3",
      "react-tabs": "^6.0.0",
      "react-visibility-sensor": "^5.1.1",
      "swiper": "^8.4.6"
    },
    "licence": "ISP",
    "devDependencies": { "@types/aos": "^3.0.4", "@types/node": "^18.11.18", "@types/react": "18.0.26", "typescript": "4.9.4" },
    "scripts": { "dev": "next dev", "build": "next build", "start": "next start", "export": "next export" }
  }

yarn manifest: 
  No manifest

Lockfile: 
  No lockfile
